Determining if the pthread_create exist failed with the following output:
Change Dir: /home/wu6shen/Computer-Vision/Project/FPGA/version2.0/build/CMakeFiles/CMakeTmp

Run Build Command:"/usr/bin/make" "cmTC_30e95/fast"
/usr/bin/make -f CMakeFiles/cmTC_30e95.dir/build.make CMakeFiles/cmTC_30e95.dir/build
make[1]: Entering directory '/home/wu6shen/Computer-Vision/Project/FPGA/version2.0/build/CMakeFiles/CMakeTmp'
Building C object CMakeFiles/cmTC_30e95.dir/CheckSymbolExists.c.o
/usr/bin/cc    -fPIC    -o CMakeFiles/cmTC_30e95.dir/CheckSymbolExists.c.o   -c /home/wu6shen/Computer-Vision/Project/FPGA/version2.0/build/CMakeFiles/CMakeTmp/CheckSymbolExists.c
Linking C executable cmTC_30e95
/usr/bin/cmake -E cmake_link_script CMakeFiles/cmTC_30e95.dir/link.txt --verbose=1
/usr/bin/cc  -fPIC     CMakeFiles/cmTC_30e95.dir/CheckSymbolExists.c.o  -o cmTC_30e95 -rdynamic 
CMakeFiles/cmTC_30e95.dir/CheckSymbolExists.c.o: In function `main':
CheckSymbolExists.c:(.text+0x1b): undefined reference to `pthread_create'
collect2: error: ld returned 1 exit status
CMakeFiles/cmTC_30e95.dir/build.make:97: recipe for target 'cmTC_30e95' failed
make[1]: *** [cmTC_30e95] Error 1
make[1]: Leaving directory '/home/wu6shen/Computer-Vision/Project/FPGA/version2.0/build/CMakeFiles/CMakeTmp'
Makefile:126: recipe for target 'cmTC_30e95/fast' failed
make: *** [cmTC_30e95/fast] Error 2

File /home/wu6shen/Computer-Vision/Project/FPGA/version2.0/build/CMakeFiles/CMakeTmp/CheckSymbolExists.c:
/* */
#include <pthread.h>

int main(int argc, char** argv)
{
  (void)argv;
#ifndef pthread_create
  return ((int*)(&pthread_create))[argc];
#else
  (void)argc;
  return 0;
#endif
}

Determining if the function pthread_create exists in the pthreads failed with the following output:
Change Dir: /home/wu6shen/Computer-Vision/Project/FPGA/version2.0/build/CMakeFiles/CMakeTmp

Run Build Command:"/usr/bin/make" "cmTC_771a0/fast"
/usr/bin/make -f CMakeFiles/cmTC_771a0.dir/build.make CMakeFiles/cmTC_771a0.dir/build
make[1]: Entering directory '/home/wu6shen/Computer-Vision/Project/FPGA/version2.0/build/CMakeFiles/CMakeTmp'
Building C object CMakeFiles/cmTC_771a0.dir/CheckFunctionExists.c.o
/usr/bin/cc    -fPIC -DCHECK_FUNCTION_EXISTS=pthread_create   -o CMakeFiles/cmTC_771a0.dir/CheckFunctionExists.c.o   -c /usr/share/cmake-3.5/Modules/CheckFunctionExists.c
Linking C executable cmTC_771a0
/usr/bin/cmake -E cmake_link_script CMakeFiles/cmTC_771a0.dir/link.txt --verbose=1
/usr/bin/cc  -fPIC -DCHECK_FUNCTION_EXISTS=pthread_create    CMakeFiles/cmTC_771a0.dir/CheckFunctionExists.c.o  -o cmTC_771a0 -rdynamic -lpthreads 
/usr/bin/ld: cannot find -lpthreads
collect2: error: ld returned 1 exit status
CMakeFiles/cmTC_771a0.dir/build.make:97: recipe for target 'cmTC_771a0' failed
make[1]: *** [cmTC_771a0] Error 1
make[1]: Leaving directory '/home/wu6shen/Computer-Vision/Project/FPGA/version2.0/build/CMakeFiles/CMakeTmp'
Makefile:126: recipe for target 'cmTC_771a0/fast' failed
make: *** [cmTC_771a0/fast] Error 2


